<?xml version="1.0" encoding="UTF-8"?>
<!-- Generated by org.testng.reporters.JUnitReportReporter -->
<testsuite hostname="Samaya" failures="0" tests="1" name="testcases.SPSearchFlightTest" time="105.871" errors="0" timestamp="2024-04-11T13:41:55 IST" skipped="0">
  <testcase classname="testcases.SPSearchFlightTest" name="SearchFlightOnewWayTrip" time="105.871"/>
</testsuite> <!-- testcases.SPSearchFlightTest -->
