<?xml version="1.0" encoding="UTF-8"?>
<!-- Generated by org.testng.reporters.JUnitReportReporter -->
<testsuite hostname="Samaya" failures="0" tests="4" name="testcases.SPLoginTest" time="105.739" errors="0" timestamp="2024-04-11T13:27:28 IST" skipped="0">
  <testcase classname="testcases.SPLoginTest" name="LoginwithValidCredentials" time="27.371"/>
  <testcase classname="testcases.SPLoginTest" name="LoginwithInValidPassword" time="35.640"/>
  <testcase classname="testcases.SPLoginTest" name="LoginwithInValidEMail" time="30.490"/>
  <testcase classname="testcases.SPLoginTest" name="LoginwithInValidCredentials" time="12.238"/>
</testsuite> <!-- testcases.SPLoginTest -->
