<?xml version="1.0" encoding="UTF-8"?>
<!-- Generated by org.testng.reporters.JUnitReportReporter -->
<testsuite hostname="Samaya" failures="0" tests="1" name="testcases.SPSignUpTest" time="77.089" errors="0" timestamp="2024-04-11T13:22:39 IST" skipped="0">
  <testcase classname="testcases.SPSignUpTest" name="Signup" time="77.089"/>
</testsuite> <!-- testcases.SPSignUpTest -->
