<?xml version="1.0" encoding="UTF-8"?>
<!-- Generated by org.testng.reporters.JUnitReportReporter -->
<testsuite hostname="DESKTOP-BHD5INT" failures="0" tests="1" name="testcases.SPSignUpTest" time="45.444" errors="0" timestamp="2023-10-24T07:48:54 CEST" skipped="0">
  <testcase classname="testcases.SPSignUpTest" name="Signup" time="45.444"/>
</testsuite> <!-- testcases.SPSignUpTest -->
