<?xml version="1.0" encoding="UTF-8"?>
<!-- Generated by org.testng.reporters.JUnitReportReporter -->
<testsuite hostname="DESKTOP-BHD5INT" failures="0" tests="2" name="testcases.SPSearchFlightTest" time="148.350" errors="0" timestamp="2023-10-24T07:48:54 CEST" skipped="0">
  <testcase classname="testcases.SPSearchFlightTest" name="SearchFlightRoundTrip" time="45.127"/>
  <testcase classname="testcases.SPSearchFlightTest" name="SearchFlightOnewWayTrip" time="103.223"/>
</testsuite> <!-- testcases.SPSearchFlightTest -->
