<?xml version="1.0" encoding="UTF-8"?>
<!-- Generated by org.testng.reporters.JUnitReportReporter -->
<testsuite hostname="DESKTOP-BHD5INT" failures="0" tests="4" name="testcases.SPLoginTest" time="80.865" errors="0" timestamp="2023-10-24T07:48:54 CEST" skipped="0">
  <testcase classname="testcases.SPLoginTest" name="LoginwithValidCredentials" time="28.642"/>
  <testcase classname="testcases.SPLoginTest" name="LoginwithInValidPassword" time="20.315"/>
  <testcase classname="testcases.SPLoginTest" name="LoginwithInValidEMail" time="19.943"/>
  <testcase classname="testcases.SPLoginTest" name="LoginwithInValidCredentials" time="11.965"/>
</testsuite> <!-- testcases.SPLoginTest -->
